D:\Program Files\Microsoft Visual Studio\2017\Professional\Common7\IDE\VC\VCTargets\Microsoft.CppBuild.targets(391,5): warning MSB8028: Katalog pośredni (Debug\) zawiera pliki udostępnione z innego projektu (GeneticAlgorithm.vcxproj). Może to spowodować niepoprawne zachowanie podczas oczyszczania i ponownej kompilacji.
  CGeneticAlgorithm.cpp
d:\pwr\c++\projects\geneticalgorithmtemplate\geneticalgorithmtemplate\cgeneticalgorithm.cpp(30): error C2988: nierozpoznana deklaracja/definicja szablonu
d:\pwr\c++\projects\geneticalgorithmtemplate\geneticalgorithmtemplate\cgeneticalgorithm.cpp(30): error C2143: błąd składniowy: brakuje „;” przed „<”
d:\pwr\c++\projects\geneticalgorithmtemplate\geneticalgorithmtemplate\cgeneticalgorithm.cpp(30): error C2059: błąd składniowy: „<”
d:\pwr\c++\projects\geneticalgorithmtemplate\geneticalgorithmtemplate\cgeneticalgorithm.cpp(30): error C2039: „bInitialObject”: Nie jest składową „`global namespace'”
d:\pwr\c++\projects\geneticalgorithmtemplate\geneticalgorithmtemplate\cgeneticalgorithm.cpp(32): error C2143: błąd składniowy: brakuje „;” przed „{”
d:\pwr\c++\projects\geneticalgorithmtemplate\geneticalgorithmtemplate\cgeneticalgorithm.cpp(32): error C2447: "{": brak nagłówka funkcji (stary styl formalnej listy?)
d:\pwr\c++\projects\geneticalgorithmtemplate\geneticalgorithmtemplate\cgeneticalgorithm.cpp(66): error C2988: nierozpoznana deklaracja/definicja szablonu
d:\pwr\c++\projects\geneticalgorithmtemplate\geneticalgorithmtemplate\cgeneticalgorithm.cpp(66): error C2143: błąd składniowy: brakuje „;” przed „<”
d:\pwr\c++\projects\geneticalgorithmtemplate\geneticalgorithmtemplate\cgeneticalgorithm.cpp(66): error C2182: "CGeneticAlgorithm": niedozwolone użycie typu "void"
d:\pwr\c++\projects\geneticalgorithmtemplate\geneticalgorithmtemplate\cgeneticalgorithm.cpp(66): error C2371: "CGeneticAlgorithm": zmiana definicji; różne typy podstawowe
  d:\pwr\c++\projects\geneticalgorithmtemplate\geneticalgorithmtemplate\cgeneticalgorithm.cpp(30): note: zobacz deklarację „CGeneticAlgorithm”
d:\pwr\c++\projects\geneticalgorithmtemplate\geneticalgorithmtemplate\cgeneticalgorithm.cpp(66): error C2059: błąd składniowy: „<”
d:\pwr\c++\projects\geneticalgorithmtemplate\geneticalgorithmtemplate\cgeneticalgorithm.cpp(66): error C2039: „vStartAlgorithm”: Nie jest składową „`global namespace'”
d:\pwr\c++\projects\geneticalgorithmtemplate\geneticalgorithmtemplate\cgeneticalgorithm.cpp(67): error C2143: błąd składniowy: brakuje „;” przed „{”
d:\pwr\c++\projects\geneticalgorithmtemplate\geneticalgorithmtemplate\cgeneticalgorithm.cpp(67): error C2447: "{": brak nagłówka funkcji (stary styl formalnej listy?)
d:\pwr\c++\projects\geneticalgorithmtemplate\geneticalgorithmtemplate\cgeneticalgorithm.cpp(85): error C2988: nierozpoznana deklaracja/definicja szablonu
d:\pwr\c++\projects\geneticalgorithmtemplate\geneticalgorithmtemplate\cgeneticalgorithm.cpp(85): error C2143: błąd składniowy: brakuje „;” przed „<”
d:\pwr\c++\projects\geneticalgorithmtemplate\geneticalgorithmtemplate\cgeneticalgorithm.cpp(85): error C2182: "CGeneticAlgorithm": niedozwolone użycie typu "void"
d:\pwr\c++\projects\geneticalgorithmtemplate\geneticalgorithmtemplate\cgeneticalgorithm.cpp(85): error C2371: "CGeneticAlgorithm": zmiana definicji; różne typy podstawowe
  d:\pwr\c++\projects\geneticalgorithmtemplate\geneticalgorithmtemplate\cgeneticalgorithm.cpp(30): note: zobacz deklarację „CGeneticAlgorithm”
d:\pwr\c++\projects\geneticalgorithmtemplate\geneticalgorithmtemplate\cgeneticalgorithm.cpp(85): error C2059: błąd składniowy: „<”
d:\pwr\c++\projects\geneticalgorithmtemplate\geneticalgorithmtemplate\cgeneticalgorithm.cpp(85): error C2039: „vGenerateNewPopulation”: Nie jest składową „`global namespace'”
d:\pwr\c++\projects\geneticalgorithmtemplate\geneticalgorithmtemplate\cgeneticalgorithm.cpp(86): error C2143: błąd składniowy: brakuje „;” przed „{”
d:\pwr\c++\projects\geneticalgorithmtemplate\geneticalgorithmtemplate\cgeneticalgorithm.cpp(86): error C2447: "{": brak nagłówka funkcji (stary styl formalnej listy?)
d:\pwr\c++\projects\geneticalgorithmtemplate\geneticalgorithmtemplate\cgeneticalgorithm.cpp(162): error C2988: nierozpoznana deklaracja/definicja szablonu
d:\pwr\c++\projects\geneticalgorithmtemplate\geneticalgorithmtemplate\cgeneticalgorithm.cpp(162): error C2143: błąd składniowy: brakuje „;” przed „<”
d:\pwr\c++\projects\geneticalgorithmtemplate\geneticalgorithmtemplate\cgeneticalgorithm.cpp(162): error C2371: "CGeneticAlgorithm": zmiana definicji; różne typy podstawowe
  d:\pwr\c++\projects\geneticalgorithmtemplate\geneticalgorithmtemplate\cgeneticalgorithm.cpp(30): note: zobacz deklarację „CGeneticAlgorithm”
d:\pwr\c++\projects\geneticalgorithmtemplate\geneticalgorithmtemplate\cgeneticalgorithm.cpp(162): error C2059: błąd składniowy: „<”
d:\pwr\c++\projects\geneticalgorithmtemplate\geneticalgorithmtemplate\cgeneticalgorithm.cpp(162): error C2039: „dGetMutationProb”: Nie jest składową „`global namespace'”
d:\pwr\c++\projects\geneticalgorithmtemplate\geneticalgorithmtemplate\cgeneticalgorithm.cpp(163): error C2143: błąd składniowy: brakuje „;” przed „{”
d:\pwr\c++\projects\geneticalgorithmtemplate\geneticalgorithmtemplate\cgeneticalgorithm.cpp(163): error C2447: "{": brak nagłówka funkcji (stary styl formalnej listy?)
d:\pwr\c++\projects\geneticalgorithmtemplate\geneticalgorithmtemplate\cgeneticalgorithm.cpp(168): error C2988: nierozpoznana deklaracja/definicja szablonu
d:\pwr\c++\projects\geneticalgorithmtemplate\geneticalgorithmtemplate\cgeneticalgorithm.cpp(168): error C2143: błąd składniowy: brakuje „;” przed „<”
d:\pwr\c++\projects\geneticalgorithmtemplate\geneticalgorithmtemplate\cgeneticalgorithm.cpp(168): error C2374: "CGeneticAlgorithm": zmiana definicji; wielokrotna inicjalizacja
  d:\pwr\c++\projects\geneticalgorithmtemplate\geneticalgorithmtemplate\cgeneticalgorithm.cpp(30): note: zobacz deklarację „CGeneticAlgorithm”
d:\pwr\c++\projects\geneticalgorithmtemplate\geneticalgorithmtemplate\cgeneticalgorithm.cpp(168): error C2059: błąd składniowy: „<”
d:\pwr\c++\projects\geneticalgorithmtemplate\geneticalgorithmtemplate\cgeneticalgorithm.cpp(168): error C2039: „bMatchBestIndividual”: Nie jest składową „`global namespace'”
d:\pwr\c++\projects\geneticalgorithmtemplate\geneticalgorithmtemplate\cgeneticalgorithm.cpp(169): error C2143: błąd składniowy: brakuje „;” przed „{”
d:\pwr\c++\projects\geneticalgorithmtemplate\geneticalgorithmtemplate\cgeneticalgorithm.cpp(169): error C2447: "{": brak nagłówka funkcji (stary styl formalnej listy?)
d:\pwr\c++\projects\geneticalgorithmtemplate\geneticalgorithmtemplate\cgeneticalgorithm.cpp(180): error C2988: nierozpoznana deklaracja/definicja szablonu
d:\pwr\c++\projects\geneticalgorithmtemplate\geneticalgorithmtemplate\cgeneticalgorithm.cpp(180): error C2143: błąd składniowy: brakuje „;” przed „<”
d:\pwr\c++\projects\geneticalgorithmtemplate\geneticalgorithmtemplate\cgeneticalgorithm.cpp(180): error C2371: "CGeneticAlgorithm": zmiana definicji; różne typy podstawowe
  d:\pwr\c++\projects\geneticalgorithmtemplate\geneticalgorithmtemplate\cgeneticalgorithm.cpp(30): note: zobacz deklarację „CGeneticAlgorithm”
d:\pwr\c++\projects\geneticalgorithmtemplate\geneticalgorithmtemplate\cgeneticalgorithm.cpp(180): error C2059: błąd składniowy: „<”
d:\pwr\c++\projects\geneticalgorithmtemplate\geneticalgorithmtemplate\cgeneticalgorithm.cpp(180): error C2039: „iGenerateInteger”: Nie jest składową „`global namespace'”
d:\pwr\c++\projects\geneticalgorithmtemplate\geneticalgorithmtemplate\cgeneticalgorithm.cpp(181): error C2143: błąd składniowy: brakuje „;” przed „{”
d:\pwr\c++\projects\geneticalgorithmtemplate\geneticalgorithmtemplate\cgeneticalgorithm.cpp(181): error C2447: "{": brak nagłówka funkcji (stary styl formalnej listy?)
d:\pwr\c++\projects\geneticalgorithmtemplate\geneticalgorithmtemplate\cgeneticalgorithm.cpp(190): error C2988: nierozpoznana deklaracja/definicja szablonu
d:\pwr\c++\projects\geneticalgorithmtemplate\geneticalgorithmtemplate\cgeneticalgorithm.cpp(190): error C2143: błąd składniowy: brakuje „;” przed „<”
d:\pwr\c++\projects\geneticalgorithmtemplate\geneticalgorithmtemplate\cgeneticalgorithm.cpp(190): error C2371: "CGeneticAlgorithm": zmiana definicji; różne typy podstawowe
  d:\pwr\c++\projects\geneticalgorithmtemplate\geneticalgorithmtemplate\cgeneticalgorithm.cpp(30): note: zobacz deklarację „CGeneticAlgorithm”
d:\pwr\c++\projects\geneticalgorithmtemplate\geneticalgorithmtemplate\cgeneticalgorithm.cpp(190): error C2059: błąd składniowy: „<”
d:\pwr\c++\projects\geneticalgorithmtemplate\geneticalgorithmtemplate\cgeneticalgorithm.cpp(190): error C2039: „dGenerateDouble”: Nie jest składową „`global namespace'”
d:\pwr\c++\projects\geneticalgorithmtemplate\geneticalgorithmtemplate\cgeneticalgorithm.cpp(191): error C2143: błąd składniowy: brakuje „;” przed „{”
d:\pwr\c++\projects\geneticalgorithmtemplate\geneticalgorithmtemplate\cgeneticalgorithm.cpp(191): error C2447: "{": brak nagłówka funkcji (stary styl formalnej listy?)
  CIndividual.cpp
d:\pwr\c++\projects\geneticalgorithmtemplate\geneticalgorithmtemplate\cindividual.cpp(10): error C2988: nierozpoznana deklaracja/definicja szablonu
d:\pwr\c++\projects\geneticalgorithmtemplate\geneticalgorithmtemplate\cindividual.cpp(10): error C2143: błąd składniowy: brakuje „;” przed „<”
d:\pwr\c++\projects\geneticalgorithmtemplate\geneticalgorithmtemplate\cindividual.cpp(10): error C2059: błąd składniowy: „<”
d:\pwr\c++\projects\geneticalgorithmtemplate\geneticalgorithmtemplate\cindividual.cpp(10): error C2039: „CIndividual”: Nie jest składową „`global namespace'”
d:\pwr\c++\projects\geneticalgorithmtemplate\geneticalgorithmtemplate\cindividual.cpp(11): error C2143: błąd składniowy: brakuje „;” przed „{”
d:\pwr\c++\projects\geneticalgorithmtemplate\geneticalgorithmtemplate\cindividual.cpp(11): error C2447: "{": brak nagłówka funkcji (stary styl formalnej listy?)
d:\pwr\c++\projects\geneticalgorithmtemplate\geneticalgorithmtemplate\cindividual.cpp(26): error C2988: nierozpoznana deklaracja/definicja szablonu
d:\pwr\c++\projects\geneticalgorithmtemplate\geneticalgorithmtemplate\cindividual.cpp(26): error C2143: błąd składniowy: brakuje „;” przed „<”
d:\pwr\c++\projects\geneticalgorithmtemplate\geneticalgorithmtemplate\cindividual.cpp(26): error C2059: błąd składniowy: „<”
d:\pwr\c++\projects\geneticalgorithmtemplate\geneticalgorithmtemplate\cindividual.cpp(26): error C2039: „CIndividual”: Nie jest składową „`global namespace'”
d:\pwr\c++\projects\geneticalgorithmtemplate\geneticalgorithmtemplate\cindividual.cpp(27): error C2143: błąd składniowy: brakuje „;” przed „{”
d:\pwr\c++\projects\geneticalgorithmtemplate\geneticalgorithmtemplate\cindividual.cpp(27): error C2447: "{": brak nagłówka funkcji (stary styl formalnej listy?)
d:\pwr\c++\projects\geneticalgorithmtemplate\geneticalgorithmtemplate\cindividual.cpp(44): error C2988: nierozpoznana deklaracja/definicja szablonu
d:\pwr\c++\projects\geneticalgorithmtemplate\geneticalgorithmtemplate\cindividual.cpp(44): error C2143: błąd składniowy: brakuje „;” przed „<”
d:\pwr\c++\projects\geneticalgorithmtemplate\geneticalgorithmtemplate\cindividual.cpp(44): error C2039: „vGenerateGens”: Nie jest składową „`global namespace'”
d:\pwr\c++\projects\geneticalgorithmtemplate\geneticalgorithmtemplate\cindividual.cpp(45): error C2143: błąd składniowy: brakuje „;” przed „{”
d:\pwr\c++\projects\geneticalgorithmtemplate\geneticalgorithmtemplate\cindividual.cpp(45): error C2447: "{": brak nagłówka funkcji (stary styl formalnej listy?)
d:\pwr\c++\projects\geneticalgorithmtemplate\geneticalgorithmtemplate\cindividual.cpp(52): error C2988: nierozpoznana deklaracja/definicja szablonu
d:\pwr\c++\projects\geneticalgorithmtemplate\geneticalgorithmtemplate\cindividual.cpp(52): error C2143: błąd składniowy: brakuje „;” przed „<”
d:\pwr\c++\projects\geneticalgorithmtemplate\geneticalgorithmtemplate\cindividual.cpp(52): error C2039: „vGenerateGens”: Nie jest składową „`global namespace'”
d:\pwr\c++\projects\geneticalgorithmtemplate\geneticalgorithmtemplate\cindividual.cpp(53): error C2143: błąd składniowy: brakuje „;” przed „{”
d:\pwr\c++\projects\geneticalgorithmtemplate\geneticalgorithmtemplate\cindividual.cpp(53): error C2447: "{": brak nagłówka funkcji (stary styl formalnej listy?)
d:\pwr\c++\projects\geneticalgorithmtemplate\geneticalgorithmtemplate\cindividual.cpp(60): error C2988: nierozpoznana deklaracja/definicja szablonu
d:\pwr\c++\projects\geneticalgorithmtemplate\geneticalgorithmtemplate\cindividual.cpp(60): error C2143: błąd składniowy: brakuje „;” przed „<”
d:\pwr\c++\projects\geneticalgorithmtemplate\geneticalgorithmtemplate\cindividual.cpp(60): error C2039: „vGenerateGens”: Nie jest składową „`global namespace'”
d:\pwr\c++\projects\geneticalgorithmtemplate\geneticalgorithmtemplate\cindividual.cpp(61): error C2143: błąd składniowy: brakuje „;” przed „{”
d:\pwr\c++\projects\geneticalgorithmtemplate\geneticalgorithmtemplate\cindividual.cpp(61): error C2447: "{": brak nagłówka funkcji (stary styl formalnej listy?)
d:\pwr\c++\projects\geneticalgorithmtemplate\geneticalgorithmtemplate\cindividual.cpp(69): error C2988: nierozpoznana deklaracja/definicja szablonu
d:\pwr\c++\projects\geneticalgorithmtemplate\geneticalgorithmtemplate\cindividual.cpp(69): error C2143: błąd składniowy: brakuje „;” przed „<”
d:\pwr\c++\projects\geneticalgorithmtemplate\geneticalgorithmtemplate\cindividual.cpp(69): error C2059: błąd składniowy: „<”
d:\pwr\c++\projects\geneticalgorithmtemplate\geneticalgorithmtemplate\cindividual.cpp(69): error C2523: „::~CIndividual”: niezgodność tagu destruktor
d:\pwr\c++\projects\geneticalgorithmtemplate\geneticalgorithmtemplate\cindividual.cpp(69): error C2039: „CIndividual”: Nie jest składową „`global namespace'”
d:\pwr\c++\projects\geneticalgorithmtemplate\geneticalgorithmtemplate\cindividual.cpp(70): error C2143: błąd składniowy: brakuje „;” przed „{”
d:\pwr\c++\projects\geneticalgorithmtemplate\geneticalgorithmtemplate\cindividual.cpp(70): error C2447: "{": brak nagłówka funkcji (stary styl formalnej listy?)
d:\pwr\c++\projects\geneticalgorithmtemplate\geneticalgorithmtemplate\cindividual.cpp(75): error C2988: nierozpoznana deklaracja/definicja szablonu
d:\pwr\c++\projects\geneticalgorithmtemplate\geneticalgorithmtemplate\cindividual.cpp(75): error C2143: błąd składniowy: brakuje „;” przed „<”
d:\pwr\c++\projects\geneticalgorithmtemplate\geneticalgorithmtemplate\cindividual.cpp(75): error C2059: błąd składniowy: „<”
d:\pwr\c++\projects\geneticalgorithmtemplate\geneticalgorithmtemplate\cindividual.cpp(76): error C2143: błąd składniowy: brakuje „;” przed „{”
d:\pwr\c++\projects\geneticalgorithmtemplate\geneticalgorithmtemplate\cindividual.cpp(76): error C2447: "{": brak nagłówka funkcji (stary styl formalnej listy?)
d:\pwr\c++\projects\geneticalgorithmtemplate\geneticalgorithmtemplate\cindividual.cpp(119): error C2988: nierozpoznana deklaracja/definicja szablonu
d:\pwr\c++\projects\geneticalgorithmtemplate\geneticalgorithmtemplate\cindividual.cpp(119): error C2143: błąd składniowy: brakuje „;” przed „<”
d:\pwr\c++\projects\geneticalgorithmtemplate\geneticalgorithmtemplate\cindividual.cpp(119): error C2182: "CIndividual": niedozwolone użycie typu "void"
d:\pwr\c++\projects\geneticalgorithmtemplate\geneticalgorithmtemplate\cindividual.cpp(119): error C2059: błąd składniowy: „<”
d:\pwr\c++\projects\geneticalgorithmtemplate\geneticalgorithmtemplate\cindividual.cpp(119): error C2039: „++”: Nie jest składową „`global namespace'”
d:\pwr\c++\projects\geneticalgorithmtemplate\geneticalgorithmtemplate\cindividual.cpp(120): error C2143: błąd składniowy: brakuje „;” przed „{”
d:\pwr\c++\projects\geneticalgorithmtemplate\geneticalgorithmtemplate\cindividual.cpp(120): error C2447: "{": brak nagłówka funkcji (stary styl formalnej listy?)
d:\pwr\c++\projects\geneticalgorithmtemplate\geneticalgorithmtemplate\cindividual.cpp(128): error C2988: nierozpoznana deklaracja/definicja szablonu
d:\pwr\c++\projects\geneticalgorithmtemplate\geneticalgorithmtemplate\cindividual.cpp(128): error C2143: błąd składniowy: brakuje „;” przed „<”
d:\pwr\c++\projects\geneticalgorithmtemplate\geneticalgorithmtemplate\cindividual.cpp(128): error C2039: „vMutationHelper”: Nie jest składową „`global namespace'”
d:\pwr\c++\projects\geneticalgorithmtemplate\geneticalgorithmtemplate\cindividual.cpp(129): error C2143: błąd składniowy: brakuje „;” przed „{”
d:\pwr\c++\projects\geneticalgorithmtemplate\geneticalgorithmtemplate\cindividual.cpp(129): error C2447: "{": brak nagłówka funkcji (stary styl formalnej listy?)
d:\pwr\c++\projects\geneticalgorithmtemplate\geneticalgorithmtemplate\cindividual.cpp(144): error C2988: nierozpoznana deklaracja/definicja szablonu
d:\pwr\c++\projects\geneticalgorithmtemplate\geneticalgorithmtemplate\cindividual.cpp(144): error C2143: błąd składniowy: brakuje „;” przed „<”
d:\pwr\c++\projects\geneticalgorithmtemplate\geneticalgorithmtemplate\cindividual.cpp(144): error C2039: „vMutationHelper”: Nie jest składową „`global namespace'”
d:\pwr\c++\projects\geneticalgorithmtemplate\geneticalgorithmtemplate\cindividual.cpp(145): error C2143: błąd składniowy: brakuje „;” przed „{”
d:\pwr\c++\projects\geneticalgorithmtemplate\geneticalgorithmtemplate\cindividual.cpp(145): error C2447: "{": brak nagłówka funkcji (stary styl formalnej listy?)
d:\pwr\c++\projects\geneticalgorithmtemplate\geneticalgorithmtemplate\cindividual.cpp(157): error C2988: nierozpoznana deklaracja/definicja szablonu
d:\pwr\c++\projects\geneticalgorithmtemplate\geneticalgorithmtemplate\cindividual.cpp(157): error C2143: błąd składniowy: brakuje „;” przed „<”
d:\pwr\c++\projects\geneticalgorithmtemplate\geneticalgorithmtemplate\cindividual.cpp(157): error C2039: „vMutationHelper”: Nie jest składową „`global namespace'”
d:\pwr\c++\projects\geneticalgorithmtemplate\geneticalgorithmtemplate\cindividual.cpp(158): error C2143: błąd składniowy: brakuje „;” przed „{”
d:\pwr\c++\projects\geneticalgorithmtemplate\geneticalgorithmtemplate\cindividual.cpp(158): error C2447: "{": brak nagłówka funkcji (stary styl formalnej listy?)
d:\pwr\c++\projects\geneticalgorithmtemplate\geneticalgorithmtemplate\cindividual.cpp(174): error C2988: nierozpoznana deklaracja/definicja szablonu
d:\pwr\c++\projects\geneticalgorithmtemplate\geneticalgorithmtemplate\cindividual.cpp(174): error C2143: błąd składniowy: brakuje „;” przed „<”
d:\pwr\c++\projects\geneticalgorithmtemplate\geneticalgorithmtemplate\cindividual.cpp(174): error C2371: "CIndividual": zmiana definicji; różne typy podstawowe
  d:\pwr\c++\projects\geneticalgorithmtemplate\geneticalgorithmtemplate\cindividual.cpp(119): note: zobacz deklarację „CIndividual”
d:\pwr\c++\projects\geneticalgorithmtemplate\geneticalgorithmtemplate\cindividual.cpp(174): error C2059: błąd składniowy: „<”
d:\pwr\c++\projects\geneticalgorithmtemplate\geneticalgorithmtemplate\cindividual.cpp(174): error C2039: „dGetFitness”: Nie jest składową „`global namespace'”
d:\pwr\c++\projects\geneticalgorithmtemplate\geneticalgorithmtemplate\cindividual.cpp(175): error C2143: błąd składniowy: brakuje „;” przed „{”
d:\pwr\c++\projects\geneticalgorithmtemplate\geneticalgorithmtemplate\cindividual.cpp(175): error C2447: "{": brak nagłówka funkcji (stary styl formalnej listy?)
d:\pwr\c++\projects\geneticalgorithmtemplate\geneticalgorithmtemplate\cindividual.cpp(180): error C2988: nierozpoznana deklaracja/definicja szablonu
d:\pwr\c++\projects\geneticalgorithmtemplate\geneticalgorithmtemplate\cindividual.cpp(180): error C2143: błąd składniowy: brakuje „;” przed „<”
d:\pwr\c++\projects\geneticalgorithmtemplate\geneticalgorithmtemplate\cindividual.cpp(180): error C2371: "CIndividual": zmiana definicji; różne typy podstawowe
  d:\pwr\c++\projects\geneticalgorithmtemplate\geneticalgorithmtemplate\cindividual.cpp(119): note: zobacz deklarację „CIndividual”
d:\pwr\c++\projects\geneticalgorithmtemplate\geneticalgorithmtemplate\cindividual.cpp(180): error C2059: błąd składniowy: „<”
d:\pwr\c++\projects\geneticalgorithmtemplate\geneticalgorithmtemplate\cindividual.cpp(180): error C2039: „iGetGen”: Nie jest składową „`global namespace'”
d:\pwr\c++\projects\geneticalgorithmtemplate\geneticalgorithmtemplate\cindividual.cpp(181): error C2143: błąd składniowy: brakuje „;” przed „{”
d:\pwr\c++\projects\geneticalgorithmtemplate\geneticalgorithmtemplate\cindividual.cpp(181): error C2447: "{": brak nagłówka funkcji (stary styl formalnej listy?)
d:\pwr\c++\projects\geneticalgorithmtemplate\geneticalgorithmtemplate\cindividual.cpp(186): error C2988: nierozpoznana deklaracja/definicja szablonu
d:\pwr\c++\projects\geneticalgorithmtemplate\geneticalgorithmtemplate\cindividual.cpp(186): error C2143: błąd składniowy: brakuje „;” przed „<”
d:\pwr\c++\projects\geneticalgorithmtemplate\geneticalgorithmtemplate\cindividual.cpp(186): error C2371: "CIndividual": zmiana definicji; różne typy podstawowe
  d:\pwr\c++\projects\geneticalgorithmtemplate\geneticalgorithmtemplate\cindividual.cpp(119): note: zobacz deklarację „CIndividual”
d:\pwr\c++\projects\geneticalgorithmtemplate\geneticalgorithmtemplate\cindividual.cpp(186): error C2059: błąd składniowy: „<”
d:\pwr\c++\projects\geneticalgorithmtemplate\geneticalgorithmtemplate\cindividual.cpp(186): error C2039: „dGetValueGen”: Nie jest składową „`global namespace'”
d:\pwr\c++\projects\geneticalgorithmtemplate\geneticalgorithmtemplate\cindividual.cpp(187): error C2143: błąd składniowy: brakuje „;” przed „{”
d:\pwr\c++\projects\geneticalgorithmtemplate\geneticalgorithmtemplate\cindividual.cpp(187): error C2447: "{": brak nagłówka funkcji (stary styl formalnej listy?)
d:\pwr\c++\projects\geneticalgorithmtemplate\geneticalgorithmtemplate\cindividual.cpp(192): error C2988: nierozpoznana deklaracja/definicja szablonu
d:\pwr\c++\projects\geneticalgorithmtemplate\geneticalgorithmtemplate\cindividual.cpp(192): error C2143: błąd składniowy: brakuje „;” przed „<”
d:\pwr\c++\projects\geneticalgorithmtemplate\geneticalgorithmtemplate\cindividual.cpp(192): error C2182: "CIndividual": niedozwolone użycie typu "void"
d:\pwr\c++\projects\geneticalgorithmtemplate\geneticalgorithmtemplate\cindividual.cpp(192): error C2374: "CIndividual": zmiana definicji; wielokrotna inicjalizacja
  d:\pwr\c++\projects\geneticalgorithmtemplate\geneticalgorithmtemplate\cindividual.cpp(119): note: zobacz deklarację „CIndividual”
d:\pwr\c++\projects\geneticalgorithmtemplate\geneticalgorithmtemplate\cindividual.cpp(192): error C2059: błąd składniowy: „<”
d:\pwr\c++\projects\geneticalgorithmtemplate\geneticalgorithmtemplate\cindividual.cpp(192): error C2039: „vDisplay”: Nie jest składową „`global namespace'”
d:\pwr\c++\projects\geneticalgorithmtemplate\geneticalgorithmtemplate\cindividual.cpp(193): error C2143: błąd składniowy: brakuje „;” przed „{”
d:\pwr\c++\projects\geneticalgorithmtemplate\geneticalgorithmtemplate\cindividual.cpp(193): error C2447: "{": brak nagłówka funkcji (stary styl formalnej listy?)
d:\pwr\c++\projects\geneticalgorithmtemplate\geneticalgorithmtemplate\cindividual.cpp(203): error C2988: nierozpoznana deklaracja/definicja szablonu
d:\pwr\c++\projects\geneticalgorithmtemplate\geneticalgorithmtemplate\cindividual.cpp(203): error C2143: błąd składniowy: brakuje „;” przed „<”
d:\pwr\c++\projects\geneticalgorithmtemplate\geneticalgorithmtemplate\cindividual.cpp(203): error C2182: "CIndividual": niedozwolone użycie typu "void"
d:\pwr\c++\projects\geneticalgorithmtemplate\geneticalgorithmtemplate\cindividual.cpp(203): error C2374: "CIndividual": zmiana definicji; wielokrotna inicjalizacja
  d:\pwr\c++\projects\geneticalgorithmtemplate\geneticalgorithmtemplate\cindividual.cpp(119): note: zobacz deklarację „CIndividual”
d:\pwr\c++\projects\geneticalgorithmtemplate\geneticalgorithmtemplate\cindividual.cpp(203): error C2059: błąd składniowy: „<”
d:\pwr\c++\projects\geneticalgorithmtemplate\geneticalgorithmtemplate\cindividual.cpp(203): error C2039: „vSetFitness”: Nie jest składową „`global namespace'”
d:\pwr\c++\projects\geneticalgorithmtemplate\geneticalgorithmtemplate\cindividual.cpp(204): error C2143: błąd składniowy: brakuje „;” przed „{”
d:\pwr\c++\projects\geneticalgorithmtemplate\geneticalgorithmtemplate\cindividual.cpp(204): error C2447: "{": brak nagłówka funkcji (stary styl formalnej listy?)
d:\pwr\c++\projects\geneticalgorithmtemplate\geneticalgorithmtemplate\cindividual.cpp(211): error C2988: nierozpoznana deklaracja/definicja szablonu
d:\pwr\c++\projects\geneticalgorithmtemplate\geneticalgorithmtemplate\cindividual.cpp(211): error C2143: błąd składniowy: brakuje „;” przed „<”
d:\pwr\c++\projects\geneticalgorithmtemplate\geneticalgorithmtemplate\cindividual.cpp(211): error C2374: "CIndividual": zmiana definicji; wielokrotna inicjalizacja
  d:\pwr\c++\projects\geneticalgorithmtemplate\geneticalgorithmtemplate\cindividual.cpp(119): note: zobacz deklarację „CIndividual”
d:\pwr\c++\projects\geneticalgorithmtemplate\geneticalgorithmtemplate\cindividual.cpp(211): fatal error C1003: Licznik błędów przekracza 100; zatrzymywanie kompilacji
  CKnapsackProblem.cpp
d:\pwr\c++\projects\geneticalgorithmtemplate\geneticalgorithmtemplate\cknapsackproblem.cpp(32): error C2988: nierozpoznana deklaracja/definicja szablonu
d:\pwr\c++\projects\geneticalgorithmtemplate\geneticalgorithmtemplate\cknapsackproblem.cpp(32): error C2143: błąd składniowy: brakuje „;” przed „<”
d:\pwr\c++\projects\geneticalgorithmtemplate\geneticalgorithmtemplate\cknapsackproblem.cpp(32): error C2059: błąd składniowy: „<”
d:\pwr\c++\projects\geneticalgorithmtemplate\geneticalgorithmtemplate\cknapsackproblem.cpp(32): error C2039: „bInitialObject”: Nie jest składową „`global namespace'”
d:\pwr\c++\projects\geneticalgorithmtemplate\geneticalgorithmtemplate\cknapsackproblem.cpp(33): error C2143: błąd składniowy: brakuje „;” przed „{”
d:\pwr\c++\projects\geneticalgorithmtemplate\geneticalgorithmtemplate\cknapsackproblem.cpp(33): error C2447: "{": brak nagłówka funkcji (stary styl formalnej listy?)
d:\pwr\c++\projects\geneticalgorithmtemplate\geneticalgorithmtemplate\cknapsackproblem.cpp(55): error C2988: nierozpoznana deklaracja/definicja szablonu
d:\pwr\c++\projects\geneticalgorithmtemplate\geneticalgorithmtemplate\cknapsackproblem.cpp(55): error C2143: błąd składniowy: brakuje „;” przed „<”
d:\pwr\c++\projects\geneticalgorithmtemplate\geneticalgorithmtemplate\cknapsackproblem.cpp(55): error C2374: "CKnapsackProblem": zmiana definicji; wielokrotna inicjalizacja
  d:\pwr\c++\projects\geneticalgorithmtemplate\geneticalgorithmtemplate\cknapsackproblem.cpp(32): note: zobacz deklarację „CKnapsackProblem”
d:\pwr\c++\projects\geneticalgorithmtemplate\geneticalgorithmtemplate\cknapsackproblem.cpp(55): error C2059: błąd składniowy: „<”
d:\pwr\c++\projects\geneticalgorithmtemplate\geneticalgorithmtemplate\cknapsackproblem.cpp(55): error C2039: „bInitialObject”: Nie jest składową „`global namespace'”
d:\pwr\c++\projects\geneticalgorithmtemplate\geneticalgorithmtemplate\cknapsackproblem.cpp(56): error C2143: błąd składniowy: brakuje „;” przed „{”
d:\pwr\c++\projects\geneticalgorithmtemplate\geneticalgorithmtemplate\cknapsackproblem.cpp(56): error C2447: "{": brak nagłówka funkcji (stary styl formalnej listy?)
d:\pwr\c++\projects\geneticalgorithmtemplate\geneticalgorithmtemplate\cknapsackproblem.cpp(76): error C2988: nierozpoznana deklaracja/definicja szablonu
d:\pwr\c++\projects\geneticalgorithmtemplate\geneticalgorithmtemplate\cknapsackproblem.cpp(76): error C2143: błąd składniowy: brakuje „;” przed „<”
d:\pwr\c++\projects\geneticalgorithmtemplate\geneticalgorithmtemplate\cknapsackproblem.cpp(76): error C2374: "CKnapsackProblem": zmiana definicji; wielokrotna inicjalizacja
  d:\pwr\c++\projects\geneticalgorithmtemplate\geneticalgorithmtemplate\cknapsackproblem.cpp(32): note: zobacz deklarację „CKnapsackProblem”
d:\pwr\c++\projects\geneticalgorithmtemplate\geneticalgorithmtemplate\cknapsackproblem.cpp(76): error C2059: błąd składniowy: „<”
d:\pwr\c++\projects\geneticalgorithmtemplate\geneticalgorithmtemplate\cknapsackproblem.cpp(76): error C2039: „bSetNewValueOfItm”: Nie jest składową „`global namespace'”
d:\pwr\c++\projects\geneticalgorithmtemplate\geneticalgorithmtemplate\cknapsackproblem.cpp(77): error C2143: błąd składniowy: brakuje „;” przed „{”
d:\pwr\c++\projects\geneticalgorithmtemplate\geneticalgorithmtemplate\cknapsackproblem.cpp(77): error C2447: "{": brak nagłówka funkcji (stary styl formalnej listy?)
d:\pwr\c++\projects\geneticalgorithmtemplate\geneticalgorithmtemplate\cknapsackproblem.cpp(85): error C2988: nierozpoznana deklaracja/definicja szablonu
d:\pwr\c++\projects\geneticalgorithmtemplate\geneticalgorithmtemplate\cknapsackproblem.cpp(85): error C2143: błąd składniowy: brakuje „;” przed „<”
d:\pwr\c++\projects\geneticalgorithmtemplate\geneticalgorithmtemplate\cknapsackproblem.cpp(85): error C2374: "CKnapsackProblem": zmiana definicji; wielokrotna inicjalizacja
  d:\pwr\c++\projects\geneticalgorithmtemplate\geneticalgorithmtemplate\cknapsackproblem.cpp(32): note: zobacz deklarację „CKnapsackProblem”
d:\pwr\c++\projects\geneticalgorithmtemplate\geneticalgorithmtemplate\cknapsackproblem.cpp(85): error C2059: błąd składniowy: „<”
d:\pwr\c++\projects\geneticalgorithmtemplate\geneticalgorithmtemplate\cknapsackproblem.cpp(85): error C2039: „bSetNewSizeOfItm”: Nie jest składową „`global namespace'”
d:\pwr\c++\projects\geneticalgorithmtemplate\geneticalgorithmtemplate\cknapsackproblem.cpp(86): error C2143: błąd składniowy: brakuje „;” przed „{”
d:\pwr\c++\projects\geneticalgorithmtemplate\geneticalgorithmtemplate\cknapsackproblem.cpp(86): error C2447: "{": brak nagłówka funkcji (stary styl formalnej listy?)
d:\pwr\c++\projects\geneticalgorithmtemplate\geneticalgorithmtemplate\cknapsackproblem.cpp(93): error C2988: nierozpoznana deklaracja/definicja szablonu
d:\pwr\c++\projects\geneticalgorithmtemplate\geneticalgorithmtemplate\cknapsackproblem.cpp(93): error C2143: błąd składniowy: brakuje „;” przed „<”
d:\pwr\c++\projects\geneticalgorithmtemplate\geneticalgorithmtemplate\cknapsackproblem.cpp(93): error C2039: „dGetValueFromGen”: Nie jest składową „`global namespace'”
d:\pwr\c++\projects\geneticalgorithmtemplate\geneticalgorithmtemplate\cknapsackproblem.cpp(94): error C2143: błąd składniowy: brakuje „;” przed „{”
d:\pwr\c++\projects\geneticalgorithmtemplate\geneticalgorithmtemplate\cknapsackproblem.cpp(94): error C2447: "{": brak nagłówka funkcji (stary styl formalnej listy?)
d:\pwr\c++\projects\geneticalgorithmtemplate\geneticalgorithmtemplate\cknapsackproblem.cpp(103): error C2988: nierozpoznana deklaracja/definicja szablonu
d:\pwr\c++\projects\geneticalgorithmtemplate\geneticalgorithmtemplate\cknapsackproblem.cpp(103): error C2143: błąd składniowy: brakuje „;” przed „<”
d:\pwr\c++\projects\geneticalgorithmtemplate\geneticalgorithmtemplate\cknapsackproblem.cpp(103): error C2039: „dGetValueFromGen”: Nie jest składową „`global namespace'”
d:\pwr\c++\projects\geneticalgorithmtemplate\geneticalgorithmtemplate\cknapsackproblem.cpp(104): error C2143: błąd składniowy: brakuje „;” przed „{”
d:\pwr\c++\projects\geneticalgorithmtemplate\geneticalgorithmtemplate\cknapsackproblem.cpp(104): error C2447: "{": brak nagłówka funkcji (stary styl formalnej listy?)
d:\pwr\c++\projects\geneticalgorithmtemplate\geneticalgorithmtemplate\cknapsackproblem.cpp(113): error C2988: nierozpoznana deklaracja/definicja szablonu
d:\pwr\c++\projects\geneticalgorithmtemplate\geneticalgorithmtemplate\cknapsackproblem.cpp(113): error C2143: błąd składniowy: brakuje „;” przed „<”
d:\pwr\c++\projects\geneticalgorithmtemplate\geneticalgorithmtemplate\cknapsackproblem.cpp(113): error C2039: „dGetValueFromGen”: Nie jest składową „`global namespace'”
d:\pwr\c++\projects\geneticalgorithmtemplate\geneticalgorithmtemplate\cknapsackproblem.cpp(114): error C2143: błąd składniowy: brakuje „;” przed „{”
d:\pwr\c++\projects\geneticalgorithmtemplate\geneticalgorithmtemplate\cknapsackproblem.cpp(114): error C2447: "{": brak nagłówka funkcji (stary styl formalnej listy?)
d:\pwr\c++\projects\geneticalgorithmtemplate\geneticalgorithmtemplate\cknapsackproblem.cpp(123): error C2988: nierozpoznana deklaracja/definicja szablonu
d:\pwr\c++\projects\geneticalgorithmtemplate\geneticalgorithmtemplate\cknapsackproblem.cpp(123): error C2143: błąd składniowy: brakuje „;” przed „<”
d:\pwr\c++\projects\geneticalgorithmtemplate\geneticalgorithmtemplate\cknapsackproblem.cpp(123): error C2039: „dGetSizeFromGen”: Nie jest składową „`global namespace'”
d:\pwr\c++\projects\geneticalgorithmtemplate\geneticalgorithmtemplate\cknapsackproblem.cpp(124): error C2143: błąd składniowy: brakuje „;” przed „{”
d:\pwr\c++\projects\geneticalgorithmtemplate\geneticalgorithmtemplate\cknapsackproblem.cpp(124): error C2447: "{": brak nagłówka funkcji (stary styl formalnej listy?)
d:\pwr\c++\projects\geneticalgorithmtemplate\geneticalgorithmtemplate\cknapsackproblem.cpp(133): error C2988: nierozpoznana deklaracja/definicja szablonu
d:\pwr\c++\projects\geneticalgorithmtemplate\geneticalgorithmtemplate\cknapsackproblem.cpp(133): error C2143: błąd składniowy: brakuje „;” przed „<”
d:\pwr\c++\projects\geneticalgorithmtemplate\geneticalgorithmtemplate\cknapsackproblem.cpp(133): error C2039: „dGetSizeFromGen”: Nie jest składową „`global namespace'”
d:\pwr\c++\projects\geneticalgorithmtemplate\geneticalgorithmtemplate\cknapsackproblem.cpp(134): error C2143: błąd składniowy: brakuje „;” przed „{”
d:\pwr\c++\projects\geneticalgorithmtemplate\geneticalgorithmtemplate\cknapsackproblem.cpp(134): error C2447: "{": brak nagłówka funkcji (stary styl formalnej listy?)
d:\pwr\c++\projects\geneticalgorithmtemplate\geneticalgorithmtemplate\cknapsackproblem.cpp(143): error C2988: nierozpoznana deklaracja/definicja szablonu
d:\pwr\c++\projects\geneticalgorithmtemplate\geneticalgorithmtemplate\cknapsackproblem.cpp(143): error C2143: błąd składniowy: brakuje „;” przed „<”
d:\pwr\c++\projects\geneticalgorithmtemplate\geneticalgorithmtemplate\cknapsackproblem.cpp(143): error C2039: „dGetSizeFromGen”: Nie jest składową „`global namespace'”
d:\pwr\c++\projects\geneticalgorithmtemplate\geneticalgorithmtemplate\cknapsackproblem.cpp(144): error C2143: błąd składniowy: brakuje „;” przed „{”
d:\pwr\c++\projects\geneticalgorithmtemplate\geneticalgorithmtemplate\cknapsackproblem.cpp(144): error C2447: "{": brak nagłówka funkcji (stary styl formalnej listy?)
d:\pwr\c++\projects\geneticalgorithmtemplate\geneticalgorithmtemplate\cknapsackproblem.cpp(154): error C2988: nierozpoznana deklaracja/definicja szablonu
d:\pwr\c++\projects\geneticalgorithmtemplate\geneticalgorithmtemplate\cknapsackproblem.cpp(154): error C2143: błąd składniowy: brakuje „;” przed „<”
d:\pwr\c++\projects\geneticalgorithmtemplate\geneticalgorithmtemplate\cknapsackproblem.cpp(154): error C2371: "CKnapsackProblem": zmiana definicji; różne typy podstawowe
  d:\pwr\c++\projects\geneticalgorithmtemplate\geneticalgorithmtemplate\cknapsackproblem.cpp(32): note: zobacz deklarację „CKnapsackProblem”
d:\pwr\c++\projects\geneticalgorithmtemplate\geneticalgorithmtemplate\cknapsackproblem.cpp(154): error C2059: błąd składniowy: „<”
d:\pwr\c++\projects\geneticalgorithmtemplate\geneticalgorithmtemplate\cknapsackproblem.cpp(154): error C2039: „iGetItemsCount”: Nie jest składową „`global namespace'”
d:\pwr\c++\projects\geneticalgorithmtemplate\geneticalgorithmtemplate\cknapsackproblem.cpp(155): error C2143: błąd składniowy: brakuje „;” przed „{”
d:\pwr\c++\projects\geneticalgorithmtemplate\geneticalgorithmtemplate\cknapsackproblem.cpp(155): error C2447: "{": brak nagłówka funkcji (stary styl formalnej listy?)
d:\pwr\c++\projects\geneticalgorithmtemplate\geneticalgorithmtemplate\cknapsackproblem.cpp(160): error C2988: nierozpoznana deklaracja/definicja szablonu
d:\pwr\c++\projects\geneticalgorithmtemplate\geneticalgorithmtemplate\cknapsackproblem.cpp(160): error C2143: błąd składniowy: brakuje „;” przed „<”
d:\pwr\c++\projects\geneticalgorithmtemplate\geneticalgorithmtemplate\cknapsackproblem.cpp(160): error C2371: "CKnapsackProblem": zmiana definicji; różne typy podstawowe
  d:\pwr\c++\projects\geneticalgorithmtemplate\geneticalgorithmtemplate\cknapsackproblem.cpp(32): note: zobacz deklarację „CKnapsackProblem”
d:\pwr\c++\projects\geneticalgorithmtemplate\geneticalgorithmtemplate\cknapsackproblem.cpp(160): error C2059: błąd składniowy: „<”
d:\pwr\c++\projects\geneticalgorithmtemplate\geneticalgorithmtemplate\cknapsackproblem.cpp(160): error C2039: „dGetKnapsackSize”: Nie jest składową „`global namespace'”
d:\pwr\c++\projects\geneticalgorithmtemplate\geneticalgorithmtemplate\cknapsackproblem.cpp(161): error C2143: błąd składniowy: brakuje „;” przed „{”
d:\pwr\c++\projects\geneticalgorithmtemplate\geneticalgorithmtemplate\cknapsackproblem.cpp(161): error C2447: "{": brak nagłówka funkcji (stary styl formalnej listy?)
d:\pwr\c++\projects\geneticalgorithmtemplate\geneticalgorithmtemplate\cknapsackproblem.cpp(166): error C2988: nierozpoznana deklaracja/definicja szablonu
d:\pwr\c++\projects\geneticalgorithmtemplate\geneticalgorithmtemplate\cknapsackproblem.cpp(166): error C2143: błąd składniowy: brakuje „;” przed „<”
d:\pwr\c++\projects\geneticalgorithmtemplate\geneticalgorithmtemplate\cknapsackproblem.cpp(166): error C2182: "CKnapsackProblem": niedozwolone użycie typu "void"
d:\pwr\c++\projects\geneticalgorithmtemplate\geneticalgorithmtemplate\cknapsackproblem.cpp(166): error C2371: "CKnapsackProblem": zmiana definicji; różne typy podstawowe
  d:\pwr\c++\projects\geneticalgorithmtemplate\geneticalgorithmtemplate\cknapsackproblem.cpp(32): note: zobacz deklarację „CKnapsackProblem”
d:\pwr\c++\projects\geneticalgorithmtemplate\geneticalgorithmtemplate\cknapsackproblem.cpp(166): error C2059: błąd składniowy: „<”
d:\pwr\c++\projects\geneticalgorithmtemplate\geneticalgorithmtemplate\cknapsackproblem.cpp(166): error C2039: „vDisplay”: Nie jest składową „`global namespace'”
d:\pwr\c++\projects\geneticalgorithmtemplate\geneticalgorithmtemplate\cknapsackproblem.cpp(167): error C2143: błąd składniowy: brakuje „;” przed „{”
d:\pwr\c++\projects\geneticalgorithmtemplate\geneticalgorithmtemplate\cknapsackproblem.cpp(167): error C2447: "{": brak nagłówka funkcji (stary styl formalnej listy?)
d:\pwr\c++\projects\geneticalgorithmtemplate\geneticalgorithmtemplate\cknapsackproblem.cpp(177): error C2988: nierozpoznana deklaracja/definicja szablonu
d:\pwr\c++\projects\geneticalgorithmtemplate\geneticalgorithmtemplate\cknapsackproblem.cpp(177): error C2143: błąd składniowy: brakuje „;” przed „<”
d:\pwr\c++\projects\geneticalgorithmtemplate\geneticalgorithmtemplate\cknapsackproblem.cpp(177): error C2371: "CKnapsackProblem": zmiana definicji; różne typy podstawowe
  d:\pwr\c++\projects\geneticalgorithmtemplate\geneticalgorithmtemplate\cknapsackproblem.cpp(32): note: zobacz deklarację „CKnapsackProblem”
d:\pwr\c++\projects\geneticalgorithmtemplate\geneticalgorithmtemplate\cknapsackproblem.cpp(177): error C2059: błąd składniowy: „<”
d:\pwr\c++\projects\geneticalgorithmtemplate\geneticalgorithmtemplate\cknapsackproblem.cpp(177): error C2039: „dGenerateDouble”: Nie jest składową „`global namespace'”
d:\pwr\c++\projects\geneticalgorithmtemplate\geneticalgorithmtemplate\cknapsackproblem.cpp(178): error C2143: błąd składniowy: brakuje „;” przed „{”
d:\pwr\c++\projects\geneticalgorithmtemplate\geneticalgorithmtemplate\cknapsackproblem.cpp(178): error C2447: "{": brak nagłówka funkcji (stary styl formalnej listy?)
d:\pwr\c++\projects\geneticalgorithmtemplate\geneticalgorithmtemplate\cknapsackproblem.cpp(187): error C2988: nierozpoznana deklaracja/definicja szablonu
d:\pwr\c++\projects\geneticalgorithmtemplate\geneticalgorithmtemplate\cknapsackproblem.cpp(187): error C2143: błąd składniowy: brakuje „;” przed „<”
d:\pwr\c++\projects\geneticalgorithmtemplate\geneticalgorithmtemplate\cknapsackproblem.cpp(187): error C2371: "CKnapsackProblem": zmiana definicji; różne typy podstawowe
  d:\pwr\c++\projects\geneticalgorithmtemplate\geneticalgorithmtemplate\cknapsackproblem.cpp(32): note: zobacz deklarację „CKnapsackProblem”
d:\pwr\c++\projects\geneticalgorithmtemplate\geneticalgorithmtemplate\cknapsackproblem.cpp(187): error C2059: błąd składniowy: „<”
d:\pwr\c++\projects\geneticalgorithmtemplate\geneticalgorithmtemplate\cknapsackproblem.cpp(187): error C2039: „iGenerateInteger”: Nie jest składową „`global namespace'”
d:\pwr\c++\projects\geneticalgorithmtemplate\geneticalgorithmtemplate\cknapsackproblem.cpp(188): error C2143: błąd składniowy: brakuje „;” przed „{”
d:\pwr\c++\projects\geneticalgorithmtemplate\geneticalgorithmtemplate\cknapsackproblem.cpp(188): error C2447: "{": brak nagłówka funkcji (stary styl formalnej listy?)
  main.cpp
  Generowanie kodu...
